#
# There is insufficient memory for the Java Runtime Environment to continue.
# Native memory allocation (malloc) failed to allocate 32744 bytes for ChunkPool::allocate
# Possible reasons:
#   The system is out of physical RAM or swap space
#   In 32 bit mode, the process size limit was hit
# Possible solutions:
#   Reduce memory load on the system
#   Increase physical memory or swap space
#   Check if swap backing store is full
#   Use 64 bit Java on a 64 bit OS
#   Decrease Java heap size (-Xmx/-Xms)
#   Decrease number of Java threads
#   Decrease Java thread stack sizes (-Xss)
#   Set larger code cache with -XX:ReservedCodeCacheSize=
# This output file may be truncated or incomplete.
#
#  Out of Memory Error (allocation.cpp:273), pid=46504, tid=50488
#
# JRE version: Java(TM) SE Runtime Environment (8.0_66-b18) (build 1.8.0_66-b18)
# Java VM: Java HotSpot(TM) 64-Bit Server VM (25.66-b18 mixed mode windows-amd64 compressed oops)
# Failed to write core dump. Minidumps are not enabled by default on client versions of Windows
#

---------------  T H R E A D  ---------------

Current thread (0x0000000020b7a800):  JavaThread "C2 CompilerThread2" daemon [_thread_in_vm, id=50488, stack(0x0000000021560000,0x0000000021660000)]

Stack: [0x0000000021560000,0x0000000021660000]
[error occurred during error reporting (printing stack bounds), id 0xc0000005]

Native frames: (J=compiled Java code, j=interpreted, Vv=VM code, C=native code)


---------------  P R O C E S S  ---------------

Java Threads: ( => current thread )
  0x0000000020b9a000 JavaThread "C1 CompilerThread11" daemon [_thread_blocked, id=49496, stack(0x0000000021f60000,0x0000000022060000)]
  0x0000000020b99800 JavaThread "C1 CompilerThread10" daemon [_thread_blocked, id=50616, stack(0x0000000021e60000,0x0000000021f60000)]
  0x0000000020b9d000 JavaThread "C1 CompilerThread9" daemon [_thread_in_vm, id=17476, stack(0x0000000021d60000,0x0000000021e60000)]
  0x0000000020b97000 JavaThread "C1 CompilerThread8" daemon [_thread_blocked, id=46480, stack(0x0000000021c60000,0x0000000021d60000)]
  0x0000000020b94800 JavaThread "C2 CompilerThread7" daemon [_thread_blocked, id=40204, stack(0x0000000021a60000,0x0000000021b60000)]
  0x0000000020b82800 JavaThread "C2 CompilerThread6" daemon [_thread_blocked, id=6464, stack(0x0000000021960000,0x0000000021a60000)]
  0x0000000020b82000 JavaThread "C2 CompilerThread5" daemon [_thread_blocked, id=48908, stack(0x0000000021860000,0x0000000021960000)]
  0x0000000020b7c000 JavaThread "C2 CompilerThread4" daemon [_thread_blocked, id=37864, stack(0x0000000021760000,0x0000000021860000)]
  0x0000000020b7b000 JavaThread "C2 CompilerThread3" daemon [_thread_blocked, id=28404, stack(0x0000000021660000,0x0000000021760000)]
=>0x0000000020b7a800 JavaThread "C2 CompilerThread2" daemon [_thread_in_vm, id=50488, stack(0x0000000021560000,0x0000000021660000)]
  0x0000000020b77800 JavaThread "C2 CompilerThread1" daemon [_thread_in_vm, id=29804, stack(0x0000000021460000,0x0000000021560000)]
  0x0000000020b77000 JavaThread "C2 CompilerThread0" daemon [_thread_in_vm, id=49992, stack(0x0000000021360000,0x0000000021460000)]
  0x0000000020b1d000 JavaThread "Monitor Ctrl-Break" daemon [_thread_in_native, id=50152, stack(0x0000000021260000,0x0000000021360000)]
  0x000000001ef7f800 JavaThread "Attach Listener" daemon [_thread_blocked, id=47128, stack(0x0000000020960000,0x0000000020a60000)]
  0x000000001ef31000 JavaThread "Signal Dispatcher" daemon [_thread_blocked, id=47920, stack(0x0000000020860000,0x0000000020960000)]
  0x000000001d4a7000 JavaThread "Finalizer" daemon [_thread_blocked, id=50680, stack(0x0000000020760000,0x0000000020860000)]
  0x000000001d49d800 JavaThread "Reference Handler" daemon [_thread_blocked, id=50064, stack(0x0000000020660000,0x0000000020760000)]
  0x00000000033e1800 JavaThread "main" [_thread_in_native, id=31936, stack(0x00000000032e0000,0x00000000033e0000)]

Other Threads:
  0x000000001eee4800 VMThread [stack: 0x0000000020560000,0x0000000020660000] [id=15808]

VM state:not at safepoint (normal execution)

VM Mutex/Monitor currently owned by a thread: None

Heap:
 PSYoungGen      total 75264K, used 6459K [0x000000076c000000, 0x0000000771400000, 0x00000007c0000000)
  eden space 64512K, 10% used [0x000000076c000000,0x000000076c64ed20,0x000000076ff00000)
  from space 10752K, 0% used [0x0000000770980000,0x0000000770980000,0x0000000771400000)
  to   space 10752K, 0% used [0x000000076ff00000,0x000000076ff00000,0x0000000770980000)
 ParOldGen       total 172032K, used 0K [0x00000006c4000000, 0x00000006ce800000, 0x000000076c000000)
  object space 172032K, 0% used [0x00000006c4000000,0x00000006c4000000,0x00000006ce800000)
 Metaspace       used 2835K, capacity 4494K, committed 4864K, reserved 1056768K
  class space    used 306K, capacity 386K, committed 512K, reserved 1048576K

Card table byte_map: [0x0000000012aa0000,0x0000000013290000] byte_map_base: 0x000000000f480000

Marking Bits: (ParMarkBitMap*) 0x0000000054aaa5b0
 Begin Bits: [0x00000000144d0000, 0x00000000183d0000)
 End Bits:   [0x00000000183d0000, 0x000000001c2d0000)

Polling page: 0x00000000010b0000

CodeCache: size=245760Kb used=2705Kb max_used=2705Kb free=243054Kb
 bounds [0x00000000036e0000, 0x0000000003990000, 0x00000000126e0000]
 total_blobs=201 nmethods=0 adapters=151
 compilation: enabled

Compilation events (0 events):
No events

GC Heap History (0 events):
No events

Deoptimization events (0 events):
No events

Internal exceptions (2 events):
Event: 0.459 Thread 0x00000000033e1800 Exception <a 'java/lang/NoSuchMethodError': Method sun.misc.Unsafe.defineClass(Ljava/lang/String;[BII)Ljava/lang/Class; name or signature does not match> (0x000000076c013088) thrown at [C:\re\workspace\8-2-build-windows-amd64-cygwin\jdk8u66\5298\hotspot\sré×ÖOÿYÝ?
Event: 0.459 Thread 0x00000000033e1800 Exception <a 'java/lang/NoSuchMethodError': Method sun.misc.Unsafe.prefetchRead(Ljava/lang/Object;J)V name or signature does not match> (0x000000076c013370) thrown at [C:\re\workspace\8-2-build-windows-amd64-cygwin\jdk8u66\5298\hotspot\src\share\vm\prims\j

Events (10 events):
Event: 0.981 Thread 0x0000000020b7a800 Thread added: 0x0000000020b7a800
Event: 0.981 Thread 0x0000000020b7b000 Thread added: 0x0000000020b7b000
Event: 0.981 Thread 0x0000000020b7c000 Thread added: 0x0000000020b7c000
Event: 0.981 Thread 0x0000000020b82000 Thread added: 0x0000000020b82000
Event: 0.982 Thread 0x0000000020b82800 Thread added: 0x0000000020b82800
Event: 0.982 Thread 0x0000000020b94800 Thread added: 0x0000000020b94800
Event: 0.982 Thread 0x0000000020b97000 Thread added: 0x0000000020b97000
Event: 0.982 Thread 0x0000000020b9d000 Thread added: 0x0000000020b9d000
Event: 0.982 Thread 0x0000000020b99800 Thread added: 0x0000000020b99800
Event: 0.982 Thread 0x0000000020b9a000 Thread added: 0x0000000020b9a000


Dynamic libraries:
0x00007ff7f4e60000 - 0x00007ff7f4e97000 	C:\Program Files\Java\jdk1.8.0_66\bin\java.exe
0x00007ff9608b0000 - 0x00007ff960ac6000 	C:\WINDOWS\SYSTEM32\ntdll.dll
0x00007ff95f980000 - 0x00007ff95fa44000 	C:\WINDOWS\System32\KERNEL32.DLL
0x00007ff95e130000 - 0x00007ff95e4d6000 	C:\WINDOWS\System32\KERNELBASE.dll
0x00007ff95ecb0000 - 0x00007ff95ed62000 	C:\WINDOWS\System32\ADVAPI32.dll
0x00007ff95eba0000 - 0x00007ff95ec47000 	C:\WINDOWS\System32\msvcrt.dll
0x00007ff95fa50000 - 0x00007ff95faf8000 	C:\WINDOWS\System32\sechost.dll
0x00007ff95dc70000 - 0x00007ff95dc98000 	C:\WINDOWS\System32\bcrypt.dll
0x00007ff95e8d0000 - 0x00007ff95e9e5000 	C:\WINDOWS\System32\RPCRT4.dll
0x00007ff95e9f0000 - 0x00007ff95eb9d000 	C:\WINDOWS\System32\USER32.dll
0x00007ff95de30000 - 0x00007ff95de56000 	C:\WINDOWS\System32\win32u.dll
0x00007ff95f100000 - 0x00007ff95f129000 	C:\WINDOWS\System32\GDI32.dll
0x00007ff95dd10000 - 0x00007ff95de28000 	C:\WINDOWS\System32\gdi32full.dll
0x00007ff95de60000 - 0x00007ff95defa000 	C:\WINDOWS\System32\msvcp_win.dll
0x00007ff95e4e0000 - 0x00007ff95e5f1000 	C:\WINDOWS\System32\ucrtbase.dll
0x00007ff9490f0000 - 0x00007ff949383000 	C:\WINDOWS\WinSxS\amd64_microsoft.windows.common-controls_6595b64144ccf1df_6.0.22621.3235_none_270f74e173860f98\COMCTL32.dll
0x00007ff95e6b0000 - 0x00007ff95e6e1000 	C:\WINDOWS\System32\IMM32.DLL
0x00000000554b0000 - 0x0000000055582000 	C:\Program Files\Java\jdk1.8.0_66\jre\bin\msvcr100.dll
0x00000000542a0000 - 0x0000000054b29000 	C:\Program Files\Java\jdk1.8.0_66\jre\bin\server\jvm.dll
0x00007ff95fe40000 - 0x00007ff95fe48000 	C:\WINDOWS\System32\PSAPI.DLL
0x00007ff955e00000 - 0x00007ff955e0a000 	C:\WINDOWS\SYSTEM32\VERSION.dll
0x00007ff94dea0000 - 0x00007ff94dea9000 	C:\WINDOWS\SYSTEM32\WSOCK32.dll
0x00007ff956c60000 - 0x00007ff956c94000 	C:\WINDOWS\SYSTEM32\WINMM.dll
0x00007ff9606c0000 - 0x00007ff960731000 	C:\WINDOWS\System32\WS2_32.dll
0x00000000554a0000 - 0x00000000554af000 	C:\Program Files\Java\jdk1.8.0_66\jre\bin\verify.dll
0x0000000055470000 - 0x0000000055499000 	C:\Program Files\Java\jdk1.8.0_66\jre\bin\java.dll
0x0000000055440000 - 0x0000000055463000 	C:\Program Files\Java\jdk1.8.0_66\jre\bin\instrument.dll
0x0000000055420000 - 0x0000000055436000 	C:\Program Files\Java\jdk1.8.0_66\jre\bin\zip.dll
0x00007ff95fe60000 - 0x00007ff9606bd000 	C:\WINDOWS\System32\SHELL32.dll
0x00007ff95bb60000 - 0x00007ff95c458000 	C:\WINDOWS\SYSTEM32\windows.storage.dll
0x00007ff95ed70000 - 0x00007ff95f0f8000 	C:\WINDOWS\System32\combase.dll
0x00007ff95ba20000 - 0x00007ff95bb5e000 	C:\WINDOWS\SYSTEM32\wintypes.dll
0x00007ff95f790000 - 0x00007ff95f883000 	C:\WINDOWS\System32\SHCORE.dll
0x00007ff960810000 - 0x00007ff96086e000 	C:\WINDOWS\System32\shlwapi.dll
0x00007ff95db20000 - 0x00007ff95db46000 	C:\WINDOWS\SYSTEM32\profapi.dll
0x00007ff92cac0000 - 0x00007ff92cada000 	F:\idea\IntelliJ IDEA 2023.2.2\bin\breakgen64.dll

VM Arguments:
jvm_args: -XX:TieredStopAtLevel=1 -Xverify:none -Dspring.output.ansi.enabled=always -Dcom.sun.management.jmxremote -Dspring.jmx.enabled=true -Dspring.liveBeansView.mbeanDomain -Dspring.application.admin.enabled=true -Dmanagement.endpoints.jmx.exposure.include=* -javaagent:F:\idea\IntelliJ IDEA 2023.2.2\lib\idea_rt.jar=50524:F:\idea\IntelliJ IDEA 2023.2.2\bin -Dfile.encoding=UTF-8 
java_command: com.rabbiter.market.SupermarketApplication
java_class_path (initial): C:\Program Files\Java\jdk1.8.0_66\jre\lib\charsets.jar;C:\Program Files\Java\jdk1.8.0_66\jre\lib\deploy.jar;C:\Program Files\Java\jdk1.8.0_66\jre\lib\ext\access-bridge-64.jar;C:\Program Files\Java\jdk1.8.0_66\jre\lib\ext\cldrdata.jar;C:\Program Files\Java\jdk1.8.0_66\jre\lib\ext\dnsns.jar;C:\Program Files\Java\jdk1.8.0_66\jre\lib\ext\jaccess.jar;C:\Program Files\Java\jdk1.8.0_66\jre\lib\ext\jfxrt.jar;C:\Program Files\Java\jdk1.8.0_66\jre\lib\ext\localedata.jar;C:\Program Files\Java\jdk1.8.0_66\jre\lib\ext\nashorn.jar;C:\Program Files\Java\jdk1.8.0_66\jre\lib\ext\sunec.jar;C:\Program Files\Java\jdk1.8.0_66\jre\lib\ext\sunjce_provider.jar;C:\Program Files\Java\jdk1.8.0_66\jre\lib\ext\sunmscapi.jar;C:\Program Files\Java\jdk1.8.0_66\jre\lib\ext\sunpkcs11.jar;C:\Program Files\Java\jdk1.8.0_66\jre\lib\ext\zipfs.jar;C:\Program Files\Java\jdk1.8.0_66\jre\lib\javaws.jar;C:\Program Files\Java\jdk1.8.0_66\jre\lib\jce.jar;C:\Program Files\Java\jdk1.8.0_66\jre\lib\jfr.jar;C:\Program Files\Java\jdk1.8.0_66\jre\lib\jfxswt.jar;C:\Program Files\Java\jdk1.8.0_66\jre\lib\jsse.jar;C:\Program Files\Java\jdk1.8.0_66\jre\lib\management-agent.jar;C:\Program Files\Java\jdk1.8.0_66\jre\lib\plugin.jar;C:\Program Files\Java\jdk1.8.0_66\jre\lib\resources.jar;C:\Program Files\Java\jdk1.8.0_66\jre\lib\rt.jar;D:\Desktop\SupermarketManager\SupermarketManagerApi - idea\target\classes;F:\maven\apache-maven-3.9.5\repository\com\fasterxml\jackson\module\jackson-module-kotlin\2.9.8\jackson-module-kotlin-2.9.8.jar;F:\maven\apache-maven-3.9.5\repository\com\fasterxml\jackson\core\jackson-databind\2.11.1\jackson-databind-2.11.1.jar;F:\maven\apache-maven-3.9.5\repository\com\fasterxml\jackson\core\jackson-core\2.11.1\jackson-core-2.11.1.jar;F:\maven\apache-maven-3.9.5\repository\com\fasterxml\jackson\core\jackson-annotations\2.11.1\jackson-annotations-2.11.1.jar;F:\maven\apache-maven-3.9.5\repository\org\jetbrains\kotlin\kotlin-reflect\1.3.72\kotlin-reflect-1.3.72.jar;F:\maven\a
Launcher Type: SUN_STANDARD

Environment Variables:
JAVA_HOME=C:\Program Files\Java\jdk1.8.0_66
PATH=F:\python\Scripts\;F:\python\;C:\Program Files\Java\jdk1.8.0_66\bin;F:\linux\bin\;C:\Program Files\Common Files\Oracle\Java\javapath;C:\Program Files (x86)\Common Files\Oracle\Java\javapath;C:\Windows\system32;C:\Windows;C:\Windows\System32\Wbem;C:\Users\86183\AppData\Roaming\nvm;C:\Users\86183\AppData\Roaming\nvm\nodejs;C:\Windows\System32\WindowsPowerShell\v1.0\;C:\Windows\System32\OpenSSH\;C:\Program Files (x86)\NVIDIA Corporation\PhysX\Common;C:\Program Files\NVIDIA Corporation\NVIDIA NvDLISR;C:\Program Files\dotnet\;C:\WINDOWS\system32;C:\WINDOWS;C:\WINDOWS\System32\Wbem;C:\WINDOWS\System32\WindowsPowerShell\v1.0\;C:\WINDOWS\System32\OpenSSH\;D:\Desktop\Web\Maven\Maven2\apache-maven-3.6.1-bin\apache-maven-3.6.1\bin;F:\MySQL\mysql-8.0.33-winx64\bin;F:\Git\Git\Git\cmd;F:\RedisWin\;F:\Pandoc\;F:\Î¢ÐÅweb¿ª·¢Õß¹¤¾ß\dll;D:\Desktop\movie\movie-main\CinemaManagerUserVue\node_modules\yarn\bin;F:\GnuWin32\bin;C:\Program Files\Cloudflare\Cloudflare WARP\;F:\python\python3.10.4\Scripts\;F:\python\python3.10.4\;F:\×îÖÕ°æpython3.11.1\Scripts\;F:\×îÖÕ°æpython3.11.1\;C:\Users\86183\AppData\Local\Microsoft\WindowsApps;F:\PyCharm Community Edition 2024.2.4\bin;;C:\Program Files (x86)\Java\jdk1.8.0_121\bin;F:\idea\IntelliJ IDEA 2023.2.2\bin;;F:\PyCharm 2022.3.2\bin;;C:\Users\86183\AppData\Local\GitHubDesktop\bin;F:\DataGrip 2023.2.2\bin;;F:\Microsoft VS Code\bin;C:\Users\86183\AppData\Roaming\nvm;C:\Users\86183\AppData\Roaming\nvm\nodejs
USERNAME=86183
OS=Windows_NT
PROCESSOR_IDENTIFIER=Intel64 Family 6 Model 141 Stepping 1, GenuineIntel



---------------  S Y S T E M  ---------------

OS: Windows 10.0 , 64 bit Build 22621 (10.0.22621.3235)

CPU:total 16 (8 cores per cpu, 2 threads per core) family 6 model 141 stepping 1, cmov, cx8, fxsr, mmx, sse, sse2, sse3, ssse3, sse4.1, sse4.2, popcnt, avx, avx2, aes, clmul, erms, 3dnowpref, lzcnt, ht, tsc, tscinvbit, bmi1, bmi2, adx

Memory: 4k page, physical 16509732k(83492k free), swap 37992864k(996k free)

vm_info: Java HotSpot(TM) 64-Bit Server VM (25.66-b18) for windows-amd64 JRE (1.8.0_66-b18), built on Nov  9 2015 10:51:13 by "java_re" with MS VC++ 10.0 (VS2010)

time: Fri Nov 22 10:01:14 2024
elapsed time: 0 seconds (0d 0h 0m 0s)

